2026-03-11 16:20:00 [main] INFO  com.npoCommerce.StepDefination.StepDefinationForLoginPage - Browser Open
2026-03-11 16:20:01 [main] INFO  com.npoCommerce.StepDefination.StepDefinationForLoginPage - user enter url
2026-03-11 16:20:05 [main] INFO  com.npoCommerce.StepDefination.StepDefinationForLoginPage - user enter email
2026-03-11 16:20:08 [main] INFO  com.npoCommerce.StepDefination.StepDefinationForLoginPage - user enter password
2026-03-11 16:20:13 [main] INFO  com.npoCommerce.StepDefination.StepDefinationForLoginPage - user click on login button
2026-03-11 16:20:18 [main] INFO  com.npoCommerce.StepDefination.NewStepDefination - This Method Invock before EveryScenario For Code Like DB Connection, Open Browser etc because of @Before Tag from Cucumber
2026-03-11 16:20:20 [main] INFO  com.npoCommerce.StepDefination.NewStepDefination - Browser Open
2026-03-11 16:20:25 [main] INFO  com.npoCommerce.StepDefination.NewStepDefination - uesr enter URL
2026-03-11 16:20:28 [main] INFO  com.npoCommerce.StepDefination.NewStepDefination - user enter email and password
2026-03-11 16:20:29 [main] INFO  com.npoCommerce.StepDefination.NewStepDefination - user click on login button
2026-03-11 16:20:34 [main] INFO  com.npoCommerce.StepDefination.NewStepDefination - This Method Invock after EveryScenario For Code Like DB disconnect, close Browser etc because of @After Tag from Cucumber
2026-03-11 16:20:34 [main] INFO  com.npoCommerce.StepDefination.NewStepDefination - ScreenShot capture Successfully.
2026-03-11 17:43:19 [main] INFO  com.npoCommerce.StepDefination.StepDefinationForLoginPage - Browser Open
2026-03-11 17:43:20 [main] INFO  com.npoCommerce.StepDefination.StepDefinationForLoginPage - user enter url
2026-03-11 17:43:23 [main] INFO  com.npoCommerce.StepDefination.StepDefinationForLoginPage - user enter email
2026-03-11 17:43:26 [main] INFO  com.npoCommerce.StepDefination.StepDefinationForLoginPage - user enter password
2026-03-11 17:43:32 [main] INFO  com.npoCommerce.StepDefination.StepDefinationForLoginPage - user click on login button
2026-03-11 17:43:37 [main] INFO  com.npoCommerce.StepDefination.NewStepDefination - This Method Invock before EveryScenario For Code Like DB Connection, Open Browser etc because of @Before Tag from Cucumber
2026-03-11 17:43:37 [main] INFO  com.nopCommerce.utilities.ReadConfig - File Load Successfully
2026-03-11 17:43:37 [main] INFO  com.nopCommerce.utilities.ReadConfig - Getting Browser Name From Config File
2026-03-11 17:43:39 [main] INFO  com.npoCommerce.StepDefination.NewStepDefination - Browser Open
2026-03-11 17:43:43 [main] INFO  com.npoCommerce.StepDefination.NewStepDefination - uesr enter URL
2026-03-11 17:43:47 [main] INFO  com.npoCommerce.StepDefination.NewStepDefination - user enter email and password
2026-03-11 17:43:47 [main] INFO  com.npoCommerce.StepDefination.NewStepDefination - user click on login button
2026-03-11 17:43:52 [main] INFO  com.npoCommerce.StepDefination.NewStepDefination - This Method Invock after EveryScenario For Code Like DB disconnect, close Browser etc because of @After Tag from Cucumber
2026-03-11 17:43:52 [main] INFO  com.npoCommerce.StepDefination.NewStepDefination - ScreenShot capture Successfully.
2026-03-11 17:46:20 [main] INFO  com.npoCommerce.StepDefination.StepDefinationForLoginPage - Browser Open
2026-03-11 17:46:20 [main] INFO  com.npoCommerce.StepDefination.StepDefinationForLoginPage - user enter url
2026-03-11 17:46:24 [main] INFO  com.npoCommerce.StepDefination.StepDefinationForLoginPage - user enter email
2026-03-11 17:46:27 [main] INFO  com.npoCommerce.StepDefination.StepDefinationForLoginPage - user enter password
2026-03-11 17:46:32 [main] INFO  com.npoCommerce.StepDefination.StepDefinationForLoginPage - user click on login button
2026-03-11 17:46:38 [main] INFO  com.npoCommerce.StepDefination.NewStepDefination - This Method Invock before EveryScenario For Code Like DB Connection, Open Browser etc because of @Before Tag from Cucumber
2026-03-11 17:46:38 [main] INFO  com.nopCommerce.utilities.ReadConfig - File Load Successfully
2026-03-11 17:46:38 [main] INFO  com.nopCommerce.utilities.ReadConfig - Getting Browser Name From Config File
2026-03-11 17:46:58 [main] INFO  com.npoCommerce.StepDefination.NewStepDefination - Browser Open
2026-03-11 17:47:27 [main] INFO  com.npoCommerce.StepDefination.NewStepDefination - uesr enter URL
2026-03-11 17:47:30 [main] INFO  com.npoCommerce.StepDefination.NewStepDefination - user enter email and password
2026-03-11 17:47:32 [main] INFO  com.npoCommerce.StepDefination.NewStepDefination - user click on login button
2026-03-11 17:47:41 [main] INFO  com.npoCommerce.StepDefination.NewStepDefination - This Method Invock after EveryScenario For Code Like DB disconnect, close Browser etc because of @After Tag from Cucumber
2026-03-11 17:47:41 [main] INFO  com.npoCommerce.StepDefination.NewStepDefination - ScreenShot capture Successfully.
